2017-11-09 19:17:27 - MOD: Modification Default
FILE: system/engine/action.php
REGEX: ~(require|include)(_once)?\(([^)]+)~
LINE: 58
FILE: system/engine/loader.php
REGEX: ~(require|include)(_once)?\(([^)]+)~
LINE: 20
LINE: 37
LINE: 54
LINE: 65
FILE: system/library/config.php
REGEX: ~(require|include)(_once)?\(([^)]+)~
LINE: 23
FILE: system/library/language.php
REGEX: ~(require|include)(_once)?\(([^)]+)~
LINE: 21
LINE: 27
----------------------------------------------------------------
MOD: MagicToolbox mod for OpenCart
FILE: catalog/controller/common/column_left.php
CODE: module->getModule($part[1]);
LINE: 60
CODE: if (isset($part[1]) && isset($setting[$part[1]])) {
NOT FOUND!
FILE: catalog/controller/common/column_right.php
CODE: module->getModule($part[1]);
LINE: 60
CODE: if (isset($part[1]) && isset($setting[$part[1]])) {
NOT FOUND!
FILE: catalog/controller/common/content_bottom.php
CODE: module->getModule($part[1]);
LINE: 60
CODE: if (isset($part[1]) && isset($setting[$part[1]])) {
NOT FOUND!
FILE: catalog/controller/common/content_top.php
CODE: if (isset($part[1]) && isset($setting[$part[1]])) {
NOT FOUND!
CODE: module->getModule($part[1]);
LINE: 60
FILE: catalog/controller/product/product.php
REGEX: ~(\$this->response->setOutput\()(\$this->load->view\(.*?product\/product.*?,\s+\$data\))(\);)~
LINE: 477
LINE: 479
CODE: $results = $this->model_catalog_product->getProductImages($this->request->get['product_id']);
LINE: 296
CODE: _image_popup_height'));
LINE: 283
CODE: _image_popup_height')),
LINE: 301
FILE: catalog/controller/product/category.php
REGEX: ~(\$this->response->setOutput\()(\$this->load->view\(.*?product\/category.*?,\s+\$data\))(\);)~
LINE: 366
LINE: 368
CODE: _image_product_height'));
LINE: 185
LINE: 188
FILE: catalog/controller/product/manufacturer.php
REGEX: ~(\$this->response->setOutput\()(\$this->load->view\(.*?product\/manufacturer_(?:info|list).*?,\s+\$data\))(\);)~
LINE: 62
LINE: 64
LINE: 355
LINE: 357
CODE: _image_product_height'));
LINE: 186
LINE: 189
FILE: catalog/controller/product/search.php
REGEX: ~(\$this->response->setOutput\()(\$this->load->view\(.*?product\/search.*?,\s+\$data\))(\);)~
LINE: 451
CODE: _image_product_height'));
LINE: 218
LINE: 221
FILE: catalog/controller/common/header.php
CODE: <?php
LINE: 36
CODE: return
LINE: 184
LINE: 186
CODE: $this->load->view
LINE: 188
LINE: 194
FILE: catalog/controller/module/latest.php
CODE: <?php
LINE: 37
REGEX: ~return\s+(.*?);~
LINE: 112
LINE: 114
FILE: catalog/controller/module/bestseller.php
CODE: <?php
LINE: 37
REGEX: ~return\s+(.*?);~
LINE: 105
LINE: 107
FILE: catalog/controller/module/special.php
CODE: <?php
LINE: 37
REGEX: ~return\s+(.*?);~
LINE: 112
LINE: 114
FILE: catalog/controller/module/featured.php
CODE: <?php
LINE: 37
REGEX: ~return\s+(.*?);~
LINE: 115
LINE: 117
CODE: $image = $this->model_tool_image->resize($result['image'], $setting['width'], $setting['height']);
LINE: 68
CODE: $image = $this->model_tool_image->resize($result['image'], $setting['width'], $setting['height']);
LINE: 61
CODE: $image = $this->model_tool_image->resize($result['image'], $setting['width'], $setting['height']);
LINE: 68
CODE: $product_info = $this->model_catalog_product->getProduct($product_id);
LINE: 67
CODE: $image = $this->model_tool_image->resize($product_info['image'], $setting['width'], $setting['height']);
LINE: 71
----------------------------------------------------------------
MOD: MagicToolbox MagicZoomPlus mod for OpenCart
FILE: admin/view/template/common/menu.tpl
CODE: <?php if ($openbay_show_menu == 1) { ?>
LINE: 35
FILE: admin/controller/common/menu.php
CODE: $data['openbay_show_menu'] = $this->config->get('openbaypro_menu');
LINE: 188
FILE: admin/controller/common/column_left.php
NOT FOUND!
----------------------------------------------------------------
